\BOOKMARK [1][-]{section.1}{\376\377\226\306\124\010\116\016\124\175\230\230}{}% 1
\BOOKMARK [2][-]{subsection.1.1}{\376\377\226\306\124\010}{section.1}% 2
\BOOKMARK [3][-]{subsubsection.1.1.1}{\376\377\226\306\124\010\166\204\210\150\171\072\145\271\154\325}{subsection.1.1}% 3
\BOOKMARK [3][-]{subsubsection.1.1.2}{\376\377\145\160\226\306\166\204\210\150\171\072}{subsection.1.1}% 4
\BOOKMARK [3][-]{subsubsection.1.1.3}{\376\377\226\306\124\010\124\214\121\103\175\040\166\204\121\163\174\373}{subsection.1.1}% 5
\BOOKMARK [3][-]{subsubsection.1.1.4}{\376\377\226\306\124\010\124\214\226\306\124\010\166\204\121\163\174\373}{subsection.1.1}% 6
\BOOKMARK [3][-]{subsubsection.1.1.5}{\376\377\116\244\226\306\217\320\173\227}{subsection.1.1}% 7
\BOOKMARK [3][-]{subsubsection.1.1.6}{\376\377\136\166\226\306\217\320\173\227}{subsection.1.1}% 8
\BOOKMARK [3][-]{subsubsection.1.1.7}{\376\377\226\306\124\010\166\204\140\047\215\050\0001}{subsection.1.1}% 9
\BOOKMARK [3][-]{subsubsection.1.1.8}{\376\377\226\306\124\010\166\204\140\047\215\050\0002}{subsection.1.1}% 10
\BOOKMARK [3][-]{subsubsection.1.1.9}{\376\377\210\145\226\306\217\320\173\227}{subsection.1.1}% 11
\BOOKMARK [3][-]{subsubsection.1.1.10}{\376\377\226\306\124\010\166\204\140\047\215\050\0003}{subsection.1.1}% 12
\BOOKMARK [3][-]{subsubsection.1.1.11}{\376\377\226\306\124\010\166\204\140\047\215\050\0004}{subsection.1.1}% 13
\BOOKMARK [3][-]{subsubsection.1.1.12}{\376\377\145\160\226\306\166\204\123\072\225\364\210\150\171\072}{subsection.1.1}% 14
\BOOKMARK [2][-]{subsection.1.2}{\376\377\124\175\230\230}{section.1}% 15
\BOOKMARK [3][-]{subsubsection.1.2.1}{\376\377\124\175\230\230\166\204\126\333\171\315\137\142\137\017}{subsection.1.2}% 16
\BOOKMARK [3][-]{subsubsection.1.2.2}{\376\377\124\175\230\230\116\055\166\204\121\105\122\006\147\141\116\366\124\214\137\305\211\201\147\141\116\366}{subsection.1.2}% 17
\BOOKMARK [3][-]{subsubsection.1.2.3}{\376\377\124\175\230\230\116\055\166\204\133\120\226\306\121\163\174\373\116\016\143\250\121\372\121\163\174\373}{subsection.1.2}% 18
\BOOKMARK [1][-]{section.2}{\376\377\116\015\173\111\137\017}{}% 19
\BOOKMARK [2][-]{subsection.2.1}{\376\377\116\015\173\111\137\017\166\204\140\047\215\050}{section.2}% 20
\BOOKMARK [3][-]{subsubsection.2.1.1}{\376\377\116\015\173\111\137\017\166\204\133\371\171\360\140\047}{subsection.2.1}% 21
\BOOKMARK [3][-]{subsubsection.2.1.2}{\376\377\116\015\173\111\137\017\166\204\117\040\220\022\140\047}{subsection.2.1}% 22
\BOOKMARK [3][-]{subsubsection.2.1.3}{\376\377\116\015\173\111\137\017\166\204\123\357\122\240\140\047}{subsection.2.1}% 23
\BOOKMARK [3][-]{subsubsection.2.1.4}{\376\377\116\015\173\111\137\017\166\204\153\143\123\357\116\130\140\047}{subsection.2.1}% 24
\BOOKMARK [3][-]{subsubsection.2.1.5}{\376\377\116\015\173\111\137\017\166\204\215\037\123\357\116\130\140\047}{subsection.2.1}% 25
\BOOKMARK [3][-]{subsubsection.2.1.6}{\376\377\116\015\173\111\137\017\166\204\120\022\145\160\154\325\122\031}{subsection.2.1}% 26
\BOOKMARK [3][-]{subsubsection.2.1.7}{\376\377\116\015\173\111\137\017\166\204\116\130\154\325\154\325\122\031}{subsection.2.1}% 27
\BOOKMARK [3][-]{subsubsection.2.1.8}{\376\377\116\015\173\111\137\017\166\204\137\000\145\271\154\325\122\031}{subsection.2.1}% 28
\BOOKMARK [3][-]{subsubsection.2.1.9}{\376\377\116\015\173\111\137\017\166\204\123\340\122\240\140\047}{subsection.2.1}% 29
\BOOKMARK [3][-]{subsubsection.2.1.10}{\376\377\116\015\173\111\137\017\166\204\153\143\123\340\116\130\140\047}{subsection.2.1}% 30
\BOOKMARK [3][-]{subsubsection.2.1.11}{\376\377\116\015\173\111\137\017\166\204\215\037\123\340\116\130\140\047}{subsection.2.1}% 31
\BOOKMARK [2][-]{subsection.2.2}{\376\377\116\000\121\103\232\330\153\041\116\015\173\111\137\017\166\204\154\102\211\343}{section.2}% 32
\BOOKMARK [2][-]{subsection.2.3}{\376\377\116\000\121\103\116\214\153\041\116\015\173\111\137\017\166\204\154\102\211\343}{section.2}% 33
\BOOKMARK [3][-]{subsubsection.2.3.1}{\376\377\116\000\121\103\116\214\153\041\116\015\173\111\137\017\127\050\000<\0000\145\366\166\204\140\305\121\265}{subsection.2.3}% 34
\BOOKMARK [3][-]{subsubsection.2.3.2}{\376\377\116\000\121\103\116\214\153\041\116\015\173\111\137\017\127\050\000=\0000\145\366\166\204\140\305\121\265}{subsection.2.3}% 35
\BOOKMARK [3][-]{subsubsection.2.3.3}{\376\377\116\000\121\103\116\214\153\041\116\015\173\111\137\017\127\050\000>\0000\145\366\166\204\140\305\121\265}{subsection.2.3}% 36
\BOOKMARK [2][-]{subsection.2.4}{\376\377\150\071\166\204\122\006\136\003}{section.2}% 37
\BOOKMARK [3][-]{subsubsection.2.4.1}{\376\377\150\071\166\204\122\006\136\003\166\204\127\372\147\054\140\305\121\265\0001}{subsection.2.4}% 38
\BOOKMARK [3][-]{subsubsection.2.4.2}{\376\377\150\071\166\204\122\006\136\003\127\372\147\054\140\305\121\265\0002}{subsection.2.4}% 39
\BOOKMARK [3][-]{subsubsection.2.4.3}{\376\377\150\071\166\204\122\006\136\003\127\372\147\054\140\305\121\265\0003}{subsection.2.4}% 40
\BOOKMARK [2][-]{subsection.2.5}{\376\377\122\006\137\017\116\015\173\111\137\017\166\204\154\102\211\343}{section.2}% 41
\BOOKMARK [2][-]{subsection.2.6}{\376\377\145\340\164\006\116\015\173\111\137\017\166\204\154\102\211\343}{section.2}% 42
\BOOKMARK [2][-]{subsection.2.7}{\376\377\176\335\133\371\120\074\116\015\173\111\137\017\166\204\154\102\211\343}{section.2}% 43
\BOOKMARK [2][-]{subsection.2.8}{\376\377\127\372\147\054\116\015\173\111\137\017\0001}{section.2}% 44
\BOOKMARK [2][-]{subsection.2.9}{\376\377\127\372\147\054\116\015\173\111\137\017\0002}{section.2}% 45
\BOOKMARK [3][-]{subsubsection.2.9.1}{\376\377\117\177\165\050\127\372\147\054\116\015\173\111\137\017\154\102\211\343\121\375\145\160\147\000\120\074\0001}{subsection.2.9}% 46
\BOOKMARK [3][-]{subsubsection.2.9.2}{\376\377\117\177\165\050\127\372\147\054\116\015\173\111\137\017\154\102\211\343\121\375\145\160\147\000\120\074\0002}{subsection.2.9}% 47
\BOOKMARK [2][-]{subsection.2.10}{\376\377\147\357\211\177\116\015\173\111\137\017}{section.2}% 48
\BOOKMARK [2][-]{subsection.2.11}{\376\377\127\107\120\074\116\015\173\111\137\017}{section.2}% 49
\BOOKMARK [1][-]{section.3}{\376\377\121\375\145\160}{}% 50
\BOOKMARK [2][-]{subsection.3.1}{\376\377\121\375\145\160\166\204\133\232\116\111}{section.3}% 51
\BOOKMARK [2][-]{subsection.3.2}{\376\377\121\375\145\160\166\204\217\320\173\227}{section.3}% 52
\BOOKMARK [3][-]{subsubsection.3.2.1}{\376\377\154\064\136\163\136\163\171\373\123\330\143\142}{subsection.3.2}% 53
\BOOKMARK [3][-]{subsubsection.3.2.2}{\376\377\172\326\166\364\136\163\171\373\123\330\143\142}{subsection.3.2}% 54
\BOOKMARK [3][-]{subsubsection.3.2.3}{\376\377\154\064\136\163\117\070\177\051\123\330\143\142}{subsection.3.2}% 55
\BOOKMARK [3][-]{subsubsection.3.2.4}{\376\377\172\326\166\364\117\070\177\051\123\330\143\142}{subsection.3.2}% 56
\BOOKMARK [3][-]{subsubsection.3.2.5}{\376\377\121\163\116\216\000y\217\164\166\204\154\064\136\163\177\373\142\230\123\330\143\142}{subsection.3.2}% 57
\BOOKMARK [3][-]{subsubsection.3.2.6}{\376\377\121\163\116\216\000x\217\164\166\204\172\326\166\364\177\373\142\230\123\330\143\142}{subsection.3.2}% 58
\BOOKMARK [3][-]{subsubsection.3.2.7}{\376\377\121\163\116\216\000y\217\164\166\204\154\064\136\163\133\371\171\360\123\330\143\142}{subsection.3.2}% 59
\BOOKMARK [3][-]{subsubsection.3.2.8}{\376\377\121\163\116\216\000x\217\164\166\204\172\326\166\364\133\371\171\360\123\330\143\142}{subsection.3.2}% 60
\BOOKMARK [3][-]{subsubsection.3.2.9}{\376\377\121\163\116\216\123\237\160\271\166\204\133\371\171\360\123\330\143\142}{subsection.3.2}% 61
\BOOKMARK [2][-]{subsection.3.3}{\376\377\121\375\145\160\166\204\131\107\120\166\140\047}{section.3}% 62
\BOOKMARK [3][-]{subsubsection.3.3.1}{\376\377\121\375\145\160\166\204\131\107\120\166\122\006\211\343}{subsection.3.3}% 63
\BOOKMARK [3][-]{subsubsection.3.3.2}{\376\377\120\166\121\375\145\160\166\204\147\204\220\040}{subsection.3.3}% 64
\BOOKMARK [3][-]{subsubsection.3.3.3}{\376\377\131\107\121\375\145\160\166\204\147\204\220\040}{subsection.3.3}% 65
\BOOKMARK [3][-]{subsubsection.3.3.4}{\376\377\120\166\121\375\145\160\116\016\131\107\121\375\145\160\166\204\171\357}{subsection.3.3}% 66
\BOOKMARK [3][-]{subsubsection.3.3.5}{\376\377\120\166\121\375\145\160\116\016\120\166\121\375\145\160\166\204\124\214}{subsection.3.3}% 67
\BOOKMARK [3][-]{subsubsection.3.3.6}{\376\377\131\107\121\375\145\160\116\016\131\107\121\375\145\160\166\204\124\214}{subsection.3.3}% 68
\BOOKMARK [3][-]{subsubsection.3.3.7}{\376\377\120\166\121\375\145\160\116\016\120\166\121\375\145\160\166\204\171\357}{subsection.3.3}% 69
\BOOKMARK [3][-]{subsubsection.3.3.8}{\376\377\131\107\121\375\145\160\116\016\131\107\121\375\145\160\166\204\171\357}{subsection.3.3}% 70
\BOOKMARK [3][-]{subsubsection.3.3.9}{\376\377\131\107\121\375\145\160\124\214\131\107\121\375\145\160\166\204\131\015\124\010\121\375\145\160}{subsection.3.3}% 71
\BOOKMARK [3][-]{subsubsection.3.3.10}{\376\377\120\166\121\375\145\160\124\214\131\107\121\375\145\160\166\204\131\015\124\010\121\375\145\160}{subsection.3.3}% 72
\BOOKMARK [3][-]{subsubsection.3.3.11}{\376\377\116\000\202\054\121\375\145\160\124\214\120\166\121\375\145\160\166\204\131\015\124\010\121\375\145\160}{subsection.3.3}% 73
\BOOKMARK [2][-]{subsection.3.4}{\376\377\121\375\145\160\166\204\123\125\214\003\140\047}{section.3}% 74
\BOOKMARK [3][-]{subsubsection.3.4.1}{\376\377\130\236\121\375\145\160\116\016\130\236\121\375\145\160\166\204\124\214}{subsection.3.4}% 75
\BOOKMARK [3][-]{subsubsection.3.4.2}{\376\377\130\236\121\375\145\160\116\016\121\317\121\375\145\160\166\204\135\356}{subsection.3.4}% 76
\BOOKMARK [3][-]{subsubsection.3.4.3}{\376\377\121\317\121\375\145\160\116\016\121\317\121\375\145\160\166\204\124\214}{subsection.3.4}% 77
\BOOKMARK [3][-]{subsubsection.3.4.4}{\376\377\121\317\121\375\145\160\116\016\130\236\121\375\145\160\166\204\135\356}{subsection.3.4}% 78
\BOOKMARK [3][-]{subsubsection.3.4.5}{\376\377\130\236\121\375\145\160\116\016\130\236\121\375\145\160\166\204\131\015\124\010\121\375\145\160}{subsection.3.4}% 79
\BOOKMARK [3][-]{subsubsection.3.4.6}{\376\377\130\236\121\375\145\160\116\016\121\317\121\375\145\160\166\204\131\015\124\010\121\375\145\160}{subsection.3.4}% 80
\BOOKMARK [3][-]{subsubsection.3.4.7}{\376\377\121\317\121\375\145\160\116\016\130\236\121\375\145\160\166\204\131\015\124\010\121\375\145\160}{subsection.3.4}% 81
\BOOKMARK [3][-]{subsubsection.3.4.8}{\376\377\121\317\121\375\145\160\116\016\121\317\121\375\145\160\166\204\131\015\124\010\121\375\145\160}{subsection.3.4}% 82
\BOOKMARK [2][-]{subsection.3.5}{\376\377\121\375\145\160\166\204\133\371\171\360\140\047}{section.3}% 83
\BOOKMARK [3][-]{subsubsection.3.5.1}{\376\377\217\164\133\371\171\360\140\047\166\204\133\232\164\006\0001}{subsection.3.5}% 84
\BOOKMARK [3][-]{subsubsection.3.5.2}{\376\377\217\164\133\371\171\360\140\047\166\204\133\232\164\006\0002}{subsection.3.5}% 85
\BOOKMARK [3][-]{subsubsection.3.5.3}{\376\377\160\271\133\371\171\360\140\047\166\204\133\232\164\006\0001}{subsection.3.5}% 86
\BOOKMARK [3][-]{subsubsection.3.5.4}{\376\377\160\271\133\371\171\360\140\047\166\204\133\232\164\006\0002}{subsection.3.5}% 87
\BOOKMARK [3][-]{subsubsection.3.5.5}{\376\377\156\341\215\263\116\044\116\052\217\164\133\371\171\360\140\047\166\204\140\305\121\265}{subsection.3.5}% 88
\BOOKMARK [3][-]{subsubsection.3.5.6}{\376\377\156\341\215\263\116\044\116\052\160\271\133\371\171\360\140\047\166\204\140\305\121\265}{subsection.3.5}% 89
\BOOKMARK [3][-]{subsubsection.3.5.7}{\376\377\156\341\215\263\217\164\133\371\171\360\140\047\124\214\160\271\133\371\171\360\140\047\166\204\140\305\121\265}{subsection.3.5}% 90
\BOOKMARK [2][-]{subsection.3.6}{\376\377\121\375\145\160\166\204\124\150\147\037\140\047}{section.3}% 91
\BOOKMARK [3][-]{subsubsection.3.6.1}{\376\377\124\150\147\037\140\047\166\204\133\232\164\006\0001}{subsection.3.6}% 92
\BOOKMARK [3][-]{subsubsection.3.6.2}{\376\377\124\150\147\037\140\047\166\204\133\232\164\006\0002}{subsection.3.6}% 93
\BOOKMARK [3][-]{subsubsection.3.6.3}{\376\377\124\150\147\037\140\047\166\204\133\232\164\006\0003}{subsection.3.6}% 94
\BOOKMARK [3][-]{subsubsection.3.6.4}{\376\377\124\150\147\037\140\047\166\204\133\232\164\006\0004}{subsection.3.6}% 95
\BOOKMARK [3][-]{subsubsection.3.6.5}{\376\377\124\150\147\037\140\047\166\204\133\232\164\006\0005}{subsection.3.6}% 96
\BOOKMARK [3][-]{subsubsection.3.6.6}{\376\377\124\150\147\037\140\047\166\204\133\232\164\006\0006}{subsection.3.6}% 97
\BOOKMARK [3][-]{subsubsection.3.6.7}{\376\377\124\150\147\037\140\047\166\204\133\232\164\006\0007}{subsection.3.6}% 98
\BOOKMARK [3][-]{subsubsection.3.6.8}{\376\377\124\014\145\366\156\341\215\263\124\150\147\037\140\047\124\214\217\164\133\371\171\360\140\047\166\204\140\305\121\265}{subsection.3.6}% 99
\BOOKMARK [3][-]{subsubsection.3.6.9}{\376\377\124\014\145\366\156\341\215\263\124\150\147\037\140\047\124\214\160\271\133\371\171\360\140\047\166\204\140\305\121\265}{subsection.3.6}% 100
\BOOKMARK [2][-]{subsection.3.7}{\376\377\121\375\145\160\166\204\226\366\160\271}{section.3}% 101
\BOOKMARK [2][-]{subsection.3.8}{\376\377\121\375\145\160\166\204\147\000\120\074}{section.3}% 102
\BOOKMARK [3][-]{subsubsection.3.8.1}{\376\377\122\051\165\050\122\044\122\053\137\017\154\102\211\343\116\000\174\173\121\375\145\160\166\204\120\074\127\337}{subsection.3.8}% 103
\BOOKMARK [3][-]{subsubsection.3.8.2}{\376\377\122\051\165\050\127\372\147\054\116\015\173\111\137\017\154\102\211\343\116\000\174\173\121\375\145\160\166\204\147\000\120\074\0001}{subsection.3.8}% 104
\BOOKMARK [3][-]{subsubsection.3.8.3}{\376\377\122\051\165\050\127\372\147\054\116\015\173\111\137\017\154\102\211\343\116\000\174\173\121\375\145\160\166\204\147\000\120\074\0002}{subsection.3.8}% 105
\BOOKMARK [2][-]{subsection.3.9}{\376\377\150\071\166\204\122\006\136\003}{section.3}% 106
\BOOKMARK [3][-]{subsubsection.3.9.1}{\376\377\150\071\166\204\122\006\136\003\166\204\127\372\147\054\140\305\121\265\0001}{subsection.3.9}% 107
\BOOKMARK [3][-]{subsubsection.3.9.2}{\376\377\150\071\166\204\122\006\136\003\166\204\127\372\147\054\140\305\121\265\0002}{subsection.3.9}% 108
\BOOKMARK [3][-]{subsubsection.3.9.3}{\376\377\150\071\166\204\122\006\136\003\166\204\127\372\147\054\140\305\121\265\0003}{subsection.3.9}% 109
\BOOKMARK [3][-]{subsubsection.3.9.4}{\376\377\150\071\166\204\122\006\136\003\166\204\127\372\147\054\140\305\121\265\0004}{subsection.3.9}% 110
\BOOKMARK [3][-]{subsubsection.3.9.5}{\376\377\150\071\166\204\122\006\136\003\166\204\127\372\147\054\140\305\121\265\0005}{subsection.3.9}% 111
\BOOKMARK [3][-]{subsubsection.3.9.6}{\376\377\150\071\166\204\122\006\136\003\166\204\127\372\147\054\140\305\121\265\0006}{subsection.3.9}% 112
\BOOKMARK [3][-]{subsubsection.3.9.7}{\376\377\150\071\166\204\122\006\136\003\166\204\127\372\147\054\140\305\121\265\0007}{subsection.3.9}% 113
\BOOKMARK [3][-]{subsubsection.3.9.8}{\376\377\150\071\166\204\122\006\136\003\166\204\127\372\147\054\140\305\121\265\0008}{subsection.3.9}% 114
\BOOKMARK [2][-]{subsection.3.10}{\376\377\123\315\121\375\145\160}{section.3}% 115
\BOOKMARK [1][-]{section.4}{\376\377\143\007\145\160\124\214\133\371\145\160}{}% 116
\BOOKMARK [2][-]{subsection.4.1}{\376\377\143\007\145\160\124\214\133\371\145\160}{section.4}% 117
\BOOKMARK [3][-]{subsubsection.4.1.1}{\376\377\143\007\145\160\166\204\217\320\173\227\154\325\122\031}{subsection.4.1}% 118
\BOOKMARK [3][-]{subsubsection.4.1.2}{\376\377\133\371\145\160\166\204\217\320\173\227\154\325\122\031}{subsection.4.1}% 119
\BOOKMARK [2][-]{subsection.4.2}{\376\377\136\102\121\375\145\160}{section.4}% 120
\BOOKMARK [2][-]{subsection.4.3}{\376\377\143\007\145\160\121\375\145\160}{section.4}% 121
\BOOKMARK [2][-]{subsection.4.4}{\376\377\133\371\145\160\121\375\145\160}{section.4}% 122
\BOOKMARK [1][-]{section.5}{\376\377\116\011\211\322\153\324\166\204\217\320\173\227}{}% 123
\BOOKMARK [2][-]{subsection.5.1}{\376\377\211\322\136\246}{section.5}% 124
\BOOKMARK [2][-]{subsection.5.2}{\376\377\137\047\136\246}{section.5}% 125
\BOOKMARK [2][-]{subsection.5.3}{\376\377\142\107\137\142\166\204\137\047\225\177\124\214\227\142\171\357}{section.5}% 126
\BOOKMARK [2][-]{subsection.5.4}{\376\377\116\011\211\322\153\324\166\204\133\232\116\111}{section.5}% 127
\BOOKMARK [2][-]{subsection.5.5}{\376\377\124\014\211\322\116\011\211\322\153\324\166\204\121\163\174\373}{section.5}% 128
\BOOKMARK [2][-]{subsection.5.6}{\376\377\173\054\116\000\176\304\213\361\133\374\121\154\137\017}{section.5}% 129
\BOOKMARK [2][-]{subsection.5.7}{\376\377\173\054\116\214\176\304\213\361\133\374\121\154\137\017}{section.5}% 130
\BOOKMARK [2][-]{subsection.5.8}{\376\377\173\054\116\011\176\304\213\361\133\374\121\154\137\017}{section.5}% 131
\BOOKMARK [2][-]{subsection.5.9}{\376\377\173\054\126\333\176\304\213\361\133\374\121\154\137\017}{section.5}% 132
\BOOKMARK [2][-]{subsection.5.10}{\376\377\213\361\133\374\121\154\137\017\124\214\211\322\136\246\166\204\126\376\137\142\123\330\143\142}{section.5}% 133
\BOOKMARK [2][-]{subsection.5.11}{\376\377\117\131\137\046\166\204\124\214\135\356\121\154\137\017}{section.5}% 134
\BOOKMARK [2][-]{subsection.5.12}{\376\377\173\054\116\224\176\304\213\361\133\374\121\154\137\017}{section.5}% 135
\BOOKMARK [2][-]{subsection.5.13}{\376\377\173\054\121\155\176\304\213\361\133\374\121\154\137\017}{section.5}% 136
\BOOKMARK [2][-]{subsection.5.14}{\376\377\153\143\137\046\166\204\124\214\135\356\121\154\137\017}{section.5}% 137
\BOOKMARK [2][-]{subsection.5.15}{\376\377\153\143\122\007\166\204\124\214\135\356\121\154\137\017}{section.5}% 138
\BOOKMARK [2][-]{subsection.5.16}{\376\377\217\205\122\251\211\322\121\154\137\017}{section.5}% 139
\BOOKMARK [2][-]{subsection.5.17}{\376\377\120\015\211\322\166\204\116\011\211\322\153\324}{section.5}% 140
\BOOKMARK [2][-]{subsection.5.18}{\376\377\123\112\211\322\166\204\116\011\211\322\153\324}{section.5}% 141
\BOOKMARK [2][-]{subsection.5.19}{\376\377\116\007\200\375\177\156\143\142\121\154\137\017}{section.5}% 142
\BOOKMARK [2][-]{subsection.5.20}{\376\377\153\143\137\046\133\232\164\006}{section.5}% 143
\BOOKMARK [2][-]{subsection.5.21}{\376\377\117\131\137\046\133\232\164\006}{section.5}% 144
\BOOKMARK [2][-]{subsection.5.22}{\376\377\153\143\137\046\133\232\164\006\166\204\142\151\121\105}{section.5}% 145
\BOOKMARK [1][-]{section.6}{\376\377\116\011\211\322\121\375\145\160}{}% 146
\BOOKMARK [2][-]{subsection.6.1}{\376\377\153\143\137\046\121\375\145\160}{section.6}% 147
\BOOKMARK [2][-]{subsection.6.2}{\376\377\117\131\137\046\121\375\145\160}{section.6}% 148
\BOOKMARK [2][-]{subsection.6.3}{\376\377\121\163\116\216\121\375\145\160\000A\000s\000i\000n\000\050\000x\000+\000\051}{section.6}% 149
\BOOKMARK [3][-]{subsubsection.6.3.1}{\376\377\123\302\145\160\000A\166\204\141\017\116\111}{subsection.6.3}% 150
\BOOKMARK [3][-]{subsubsection.6.3.2}{\376\377\123\302\145\160\166\204\141\017\116\111}{subsection.6.3}% 151
\BOOKMARK [3][-]{subsubsection.6.3.3}{\376\377\123\302\145\160\166\204\141\017\116\111}{subsection.6.3}% 152
\BOOKMARK [2][-]{subsection.6.4}{\376\377\153\143\122\007\121\375\145\160}{section.6}% 153
\BOOKMARK [2][-]{subsection.6.5}{\376\377\117\131\122\007\121\375\145\160}{section.6}% 154
\BOOKMARK [2][-]{subsection.6.6}{\376\377\123\315\153\143\137\046\121\375\145\160}{section.6}% 155
\BOOKMARK [2][-]{subsection.6.7}{\376\377\123\315\117\131\137\046\121\375\145\160}{section.6}% 156
\BOOKMARK [2][-]{subsection.6.8}{\376\377\123\315\153\143\122\007\121\375\145\160}{section.6}% 157
\BOOKMARK [2][-]{subsection.6.9}{\376\377\123\315\117\131\122\007\121\375\145\160}{section.6}% 158
\BOOKMARK [1][-]{section.7}{\376\377\145\160\122\027}{}% 159
\BOOKMARK [2][-]{subsection.7.1}{\376\377\145\160\122\027\166\204\133\232\116\111}{section.7}% 160
\BOOKMARK [2][-]{subsection.7.2}{\376\377\145\160\122\027\166\204\151\202\137\365}{section.7}% 161
\BOOKMARK [3][-]{subsubsection.7.2.1}{\376\377\145\160\122\027\166\204\220\022\143\250\121\154\137\017}{subsection.7.2}% 162
\BOOKMARK [3][-]{subsubsection.7.2.2}{\376\377\145\160\122\027\166\204\154\102\124\214\121\154\137\017}{subsection.7.2}% 163
\BOOKMARK [2][-]{subsection.7.3}{\376\377\173\111\135\356\145\160\122\027}{section.7}% 164
\BOOKMARK [3][-]{subsubsection.7.3.1}{\376\377\173\111\135\356\145\160\122\027\166\204\220\032\230\171\121\154\137\017}{subsection.7.3}% 165
\BOOKMARK [3][-]{subsubsection.7.3.2}{\376\377\173\111\135\356\145\160\122\027\166\204\154\102\124\214\121\154\137\017}{subsection.7.3}% 166
\BOOKMARK [3][-]{subsubsection.7.3.3}{\376\377\173\111\135\356\116\055\230\171\166\204\151\202\137\365}{subsection.7.3}% 167
\BOOKMARK [3][-]{subsubsection.7.3.4}{\376\377\173\111\135\356\145\160\122\027\166\204\116\013\150\007\124\214\140\047\215\050}{subsection.7.3}% 168
\BOOKMARK [3][-]{subsubsection.7.3.5}{\376\377\173\111\135\356\145\160\122\027\166\204\220\032\230\171\121\154\137\017\166\204\116\000\202\054\137\142\137\017}{subsection.7.3}% 169
\BOOKMARK [3][-]{subsubsection.7.3.6}{\376\377\173\111\135\356\145\160\122\027\166\204\154\102\124\214\121\154\137\017\166\204\116\000\202\054\137\142\137\017}{subsection.7.3}% 170
\BOOKMARK [2][-]{subsection.7.4}{\376\377\173\111\153\324\145\160\122\027}{section.7}% 171
\BOOKMARK [3][-]{subsubsection.7.4.1}{\376\377\173\111\153\324\145\160\122\027\166\204\220\032\230\171\121\154\137\017}{subsection.7.4}% 172
\BOOKMARK [3][-]{subsubsection.7.4.2}{\376\377\173\111\153\324\145\160\122\027\166\204\154\102\124\214\121\154\137\017}{subsection.7.4}% 173
\BOOKMARK [3][-]{subsubsection.7.4.3}{\376\377\173\111\153\324\116\055\230\171\166\204\151\202\137\365}{subsection.7.4}% 174
\BOOKMARK [3][-]{subsubsection.7.4.4}{\376\377\173\111\153\324\145\160\122\027\166\204\116\013\150\007\124\214\140\047\215\050}{subsection.7.4}% 175
\BOOKMARK [3][-]{subsubsection.7.4.5}{\376\377\173\111\153\324\145\160\122\027\166\204\220\032\230\171\121\154\137\017\166\204\116\000\202\054\137\142\137\017}{subsection.7.4}% 176
\BOOKMARK [3][-]{subsubsection.7.4.6}{\376\377\173\111\153\324\145\160\122\027\166\204\154\102\124\214\121\154\137\017\166\204\116\000\202\054\137\142\137\017}{subsection.7.4}% 177
\BOOKMARK [2][-]{subsection.7.5}{\376\377\165\061\220\022\143\250\121\154\137\017\154\102\211\343\220\032\230\171\121\154\137\017}{section.7}% 178
\BOOKMARK [3][-]{subsubsection.7.5.1}{\376\377\220\022\143\250\121\154\137\017\0001}{subsection.7.5}% 179
\BOOKMARK [3][-]{subsubsection.7.5.2}{\376\377\220\022\143\250\121\154\137\017\0002}{subsection.7.5}% 180
\BOOKMARK [3][-]{subsubsection.7.5.3}{\376\377\220\022\143\250\121\154\137\017\0003}{subsection.7.5}% 181
\BOOKMARK [3][-]{subsubsection.7.5.4}{\376\377\220\022\143\250\121\154\137\017\0004}{subsection.7.5}% 182
\BOOKMARK [3][-]{subsubsection.7.5.5}{\376\377\220\022\143\250\121\154\137\017\0005}{subsection.7.5}% 183
\BOOKMARK [3][-]{subsubsection.7.5.6}{\376\377\220\022\143\250\121\154\137\017\0006}{subsection.7.5}% 184
\BOOKMARK [3][-]{subsubsection.7.5.7}{\376\377\137\205\133\232\174\373\145\160\154\325\166\204\116\000\202\054\137\142\137\017}{subsection.7.5}% 185
\BOOKMARK [2][-]{subsection.7.6}{\376\377\165\061\220\032\230\171\121\154\137\017\154\102\211\343\154\102\124\214\121\154\137\017}{section.7}% 186
\BOOKMARK [3][-]{subsubsection.7.6.1}{\376\377\154\102\124\214\121\154\137\017\0001}{subsection.7.6}% 187
\BOOKMARK [3][-]{subsubsection.7.6.2}{\376\377\154\102\124\214\121\154\137\017\0002}{subsection.7.6}% 188
\BOOKMARK [3][-]{subsubsection.7.6.3}{\376\377\154\102\124\214\121\154\137\017\0003}{subsection.7.6}% 189
\BOOKMARK [3][-]{subsubsection.7.6.4}{\376\377\137\142\131\202\000a\000n\000+\0001\000+\000a\000n\000=\000f\000\050\000n\000\051}{subsection.7.6}% 190
\BOOKMARK [3][-]{subsubsection.7.6.5}{\376\377\137\142\131\202\000a\000n\000+\0001\000a\000n\000=\000f\000\050\000n\000\051}{subsection.7.6}% 191
\BOOKMARK [2][-]{subsection.7.7}{\376\377\145\160\122\027\166\204\147\201\226\120}{section.7}% 192
\BOOKMARK [1][-]{section.8}{\376\377\124\021\221\317}{}% 193
\BOOKMARK [2][-]{subsection.8.1}{\376\377\124\021\221\317\166\204\133\232\116\111}{section.8}% 194
\BOOKMARK [2][-]{subsection.8.2}{\376\377\124\021\221\317\166\204\151\202\137\365}{section.8}% 195
\BOOKMARK [3][-]{subsubsection.8.2.1}{\376\377\136\163\210\114\124\021\221\317\166\204\151\202\137\365}{subsection.8.2}% 196
\BOOKMARK [2][-]{subsection.8.3}{\376\377\124\021\221\317\166\204\122\240\121\317}{section.8}% 197
\BOOKMARK [3][-]{subsubsection.8.3.1}{\376\377\124\021\221\317\122\240\154\325\166\204\116\044\171\315\213\241\173\227\154\325\122\031}{subsection.8.3}% 198
\BOOKMARK [2][-]{subsection.8.4}{\376\377\124\021\221\317\166\204\145\160\116\130}{section.8}% 199
\BOOKMARK [3][-]{subsubsection.8.4.1}{\376\377\136\163\227\142\124\021\221\317\121\161\176\277\133\232\164\006}{subsection.8.4}% 200
\BOOKMARK [3][-]{subsubsection.8.4.2}{\376\377\136\163\227\142\116\012\166\204\116\011\160\271\121\161\176\277}{subsection.8.4}% 201
\BOOKMARK [3][-]{subsubsection.8.4.3}{\376\377\136\163\227\142\124\021\221\317\122\006\211\343\133\232\164\006}{subsection.8.4}% 202
\BOOKMARK [2][-]{subsection.8.5}{\376\377\124\021\221\317\166\204\127\120\150\007\210\150\171\072}{section.8}% 203
\BOOKMARK [3][-]{subsubsection.8.5.1}{\376\377\124\021\221\317\217\320\173\227\166\204\127\120\150\007\210\150\171\072}{subsection.8.5}% 204
\BOOKMARK [3][-]{subsubsection.8.5.2}{\376\377\124\021\221\317\166\204\133\232\153\324\122\006\160\271\121\154\137\017}{subsection.8.5}% 205
\BOOKMARK [2][-]{subsection.8.6}{\376\377\124\021\221\317\166\204\145\160\221\317\171\357}{section.8}% 206
\BOOKMARK [3][-]{subsubsection.8.6.1}{\376\377\124\021\221\317\166\204\131\071\211\322\121\154\137\017}{subsection.8.6}% 207
\BOOKMARK [3][-]{subsubsection.8.6.2}{\376\377\124\021\221\317\127\202\166\364\166\204\147\141\116\366}{subsection.8.6}% 208
\BOOKMARK [3][-]{subsubsection.8.6.3}{\376\377\124\021\221\317\136\163\210\114\166\204\147\141\116\366}{subsection.8.6}% 209
\BOOKMARK [2][-]{subsection.8.7}{\376\377\116\011\211\322\137\142\126\333\137\303\166\204\124\021\221\317\210\150\217\276}{section.8}% 210
\BOOKMARK [3][-]{subsubsection.8.7.1}{\376\377\116\011\211\322\137\142\131\026\137\303\166\204\124\021\221\317\210\150\217\276}{subsection.8.7}% 211
\BOOKMARK [3][-]{subsubsection.8.7.2}{\376\377\116\011\211\322\137\142\221\315\137\303\166\204\124\021\221\317\210\150\217\276}{subsection.8.7}% 212
\BOOKMARK [3][-]{subsubsection.8.7.3}{\376\377\116\011\211\322\137\142\127\202\137\303\166\204\124\021\221\317\210\150\217\276}{subsection.8.7}% 213
\BOOKMARK [3][-]{subsubsection.8.7.4}{\376\377\116\011\211\322\137\142\166\204\121\205\137\303\166\204\124\021\221\317\210\150\217\276}{subsection.8.7}% 214
\BOOKMARK [1][-]{section.9}{\376\377\167\351\226\065}{}% 215
\BOOKMARK [2][-]{subsection.9.1}{\376\377\167\351\226\065\166\204\133\232\116\111}{section.9}% 216
\BOOKMARK [2][-]{subsection.9.2}{\376\377\167\351\226\065\166\204\151\202\137\365}{section.9}% 217
\BOOKMARK [2][-]{subsection.9.3}{\376\377\167\351\226\065\166\204\122\240\121\317}{section.9}% 218
\BOOKMARK [2][-]{subsection.9.4}{\376\377\167\351\226\065\166\204\145\160\116\130}{section.9}% 219
\BOOKMARK [3][-]{subsubsection.9.4.1}{\376\377\232\330\176\364\124\021\221\317\166\204\145\160\221\317\171\357}{subsection.9.4}% 220
\BOOKMARK [2][-]{subsection.9.5}{\376\377\167\351\226\065\166\204\116\130\154\325}{section.9}% 221
\BOOKMARK [2][-]{subsection.9.6}{\376\377\116\214\226\066\210\114\122\027\137\017}{section.9}% 222
\BOOKMARK [3][-]{subsubsection.9.6.1}{\376\377\116\214\121\103\176\277\140\047\145\271\172\013\176\304\166\204\154\102\211\343}{subsection.9.6}% 223
\BOOKMARK [3][-]{subsubsection.9.6.2}{\376\377\116\214\121\103\176\277\140\047\145\271\172\013\176\304\166\204\211\343\166\204\140\305\121\265}{subsection.9.6}% 224
\BOOKMARK [2][-]{subsection.9.7}{\376\377\116\011\226\066\210\114\122\027\137\017}{section.9}% 225
\BOOKMARK [3][-]{subsubsection.9.7.1}{\376\377\116\343\145\160\117\131\133\120\137\017\166\204\133\232\116\111}{subsection.9.7}% 226
\BOOKMARK [3][-]{subsubsection.9.7.2}{\376\377\116\343\145\160\117\131\133\120\137\017\166\204\140\047\215\050}{subsection.9.7}% 227
\BOOKMARK [3][-]{subsubsection.9.7.3}{\376\377\116\011\121\103\176\277\140\047\145\271\172\013\176\304}{subsection.9.7}% 228
\BOOKMARK [3][-]{subsubsection.9.7.4}{\376\377\116\011\211\322\137\142\227\142\171\357\166\204\210\114\122\027\137\017\210\150\217\276}{subsection.9.7}% 229
\BOOKMARK [1][-]{section.10}{\376\377\166\364\176\277\145\271\172\013}{}% 230
\BOOKMARK [2][-]{subsection.10.1}{\376\377\166\364\176\277\145\271\172\013\166\204\133\232\116\111}{section.10}% 231
\BOOKMARK [3][-]{subsubsection.10.1.1}{\376\377\166\364\176\277\166\204\145\234\142\052\137\017\145\271\172\013}{subsection.10.1}% 232
\BOOKMARK [3][-]{subsubsection.10.1.2}{\376\377\166\364\176\277\166\204\160\271\145\271\124\021\137\017\145\271\172\013}{subsection.10.1}% 233
\BOOKMARK [3][-]{subsubsection.10.1.3}{\376\377\166\364\176\277\166\204\160\271\154\325\124\021\137\017\145\271\172\013}{subsection.10.1}% 234
\BOOKMARK [3][-]{subsubsection.10.1.4}{\376\377\166\364\176\277\166\204\120\076\145\234\211\322\124\214\145\234\163\207}{subsection.10.1}% 235
\BOOKMARK [3][-]{subsubsection.10.1.5}{\376\377\166\364\176\277\166\204\160\271\145\234\137\017\145\271\172\013}{subsection.10.1}% 236
\BOOKMARK [3][-]{subsubsection.10.1.6}{\376\377\166\364\176\277\166\204\142\052\215\335\137\017\145\271\172\013}{subsection.10.1}% 237
\BOOKMARK [3][-]{subsubsection.10.1.7}{\376\377\166\364\176\277\166\204\116\000\202\054\137\017\145\271\172\013}{subsection.10.1}% 238
\BOOKMARK [2][-]{subsection.10.2}{\376\377\116\044\147\141\166\364\176\277\166\204\117\115\177\156\121\163\174\373}{section.10}% 239
\BOOKMARK [2][-]{subsection.10.3}{\376\377\116\044\147\141\166\364\176\277\131\071\211\322\121\154\137\017\166\204\124\021\221\317\210\150\217\276}{section.10}% 240
\BOOKMARK [2][-]{subsection.10.4}{\376\377\116\044\147\141\166\364\176\277\131\071\211\322\121\154\137\017\166\204\145\234\163\207\210\150\217\276}{section.10}% 241
\BOOKMARK [2][-]{subsection.10.5}{\376\377\160\271\122\060\166\364\176\277\215\335\171\273\121\154\137\017}{section.10}% 242
\BOOKMARK [2][-]{subsection.10.6}{\376\377\136\163\210\114\176\277\225\364\215\335\171\273\121\154\137\017}{section.10}% 243
\BOOKMARK [2][-]{subsection.10.7}{\376\377\160\271\121\163\116\216\166\364\176\277\166\204\134\004\137\161\160\271}{section.10}% 244
\BOOKMARK [2][-]{subsection.10.8}{\376\377\160\271\121\163\116\216\166\364\176\277\166\204\133\371\171\360\160\271}{section.10}% 245
\BOOKMARK [1][-]{section.11}{\376\377\127\006\225\045\146\362\176\277\145\271\172\013}{}% 246
\BOOKMARK [2][-]{subsection.11.1}{\376\377\127\006\166\204\145\271\172\013}{section.11}% 247
\BOOKMARK [3][-]{subsubsection.11.1.1}{\376\377\127\006\166\204\150\007\121\306\145\271\172\013}{subsection.11.1}% 248
\BOOKMARK [3][-]{subsubsection.11.1.2}{\376\377\127\006\166\204\116\000\202\054\145\271\172\013}{subsection.11.1}% 249
\BOOKMARK [3][-]{subsubsection.11.1.3}{\376\377\127\006\166\204\116\000\202\054\145\271\172\013\166\204\122\044\122\053\137\017}{subsection.11.1}% 250
\BOOKMARK [3][-]{subsubsection.11.1.4}{\376\377\127\006\124\214\160\271\166\204\121\163\174\373}{subsection.11.1}% 251
\BOOKMARK [3][-]{subsubsection.11.1.5}{\376\377\127\006\124\214\166\364\176\277\166\204\121\163\174\373}{subsection.11.1}% 252
\BOOKMARK [3][-]{subsubsection.11.1.6}{\376\377\127\006\124\214\127\006\166\204\121\163\174\373}{subsection.11.1}% 253
\BOOKMARK [3][-]{subsubsection.11.1.7}{\376\377\127\006\166\204\122\007\176\277\145\271\172\013}{subsection.11.1}% 254
\BOOKMARK [2][-]{subsection.11.2}{\376\377\151\055\127\006\166\204\145\271\172\013}{section.11}% 255
\BOOKMARK [3][-]{subsubsection.11.2.1}{\376\377\151\055\127\006\166\204\150\007\121\306\145\271\172\013}{subsection.11.2}% 256
\BOOKMARK [3][-]{subsubsection.11.2.2}{\376\377\151\055\127\006\166\204\161\046\160\271\116\011\211\322\137\142}{subsection.11.2}% 257
\BOOKMARK [3][-]{subsubsection.11.2.3}{\376\377\151\055\127\006\124\214\160\271\166\204\121\163\174\373}{subsection.11.2}% 258
\BOOKMARK [3][-]{subsubsection.11.2.4}{\376\377\173\111\217\164\151\055\127\006}{subsection.11.2}% 259
\BOOKMARK [3][-]{subsubsection.11.2.5}{\376\377\151\055\127\006\166\204\122\007\176\277\145\271\172\013}{subsection.11.2}% 260
\BOOKMARK [3][-]{subsubsection.11.2.6}{\376\377\151\055\127\006\166\204\116\000\202\054\145\271\172\013}{subsection.11.2}% 261
\BOOKMARK [3][-]{subsubsection.11.2.7}{\376\377\151\055\127\006\124\214\127\372\116\216\000k\166\204\166\364\176\277\166\204\200\124\172\313}{subsection.11.2}% 262
\BOOKMARK [3][-]{subsubsection.11.2.8}{\376\377\151\055\127\006\124\214\127\372\116\216\000t\166\204\166\364\176\277\166\204\200\124\172\313}{subsection.11.2}% 263
\BOOKMARK [2][-]{subsection.11.3}{\376\377\123\314\146\362\176\277\166\204\145\271\172\013}{section.11}% 264
\BOOKMARK [3][-]{subsubsection.11.3.1}{\376\377\123\314\146\362\176\277\166\204\150\007\121\306\145\271\172\013}{subsection.11.3}% 265
\BOOKMARK [3][-]{subsubsection.11.3.2}{\376\377\123\314\146\362\176\277\166\204\161\046\160\271\116\011\211\322\137\142}{subsection.11.3}% 266
\BOOKMARK [3][-]{subsubsection.11.3.3}{\376\377\123\314\146\362\176\277\124\214\160\271\166\204\121\163\174\373}{subsection.11.3}% 267
\BOOKMARK [3][-]{subsubsection.11.3.4}{\376\377\173\111\217\164\123\314\146\362\176\277}{subsection.11.3}% 268
\BOOKMARK [3][-]{subsubsection.11.3.5}{\376\377\123\314\146\362\176\277\166\204\156\020\217\321\176\277\145\271\172\013}{subsection.11.3}% 269
\BOOKMARK [3][-]{subsubsection.11.3.6}{\376\377\123\314\146\362\176\277\166\204\122\007\176\277\145\271\172\013}{subsection.11.3}% 270
\BOOKMARK [3][-]{subsubsection.11.3.7}{\376\377\123\314\146\362\176\277\166\204\116\000\202\054\145\271\172\013}{subsection.11.3}% 271
\BOOKMARK [3][-]{subsubsection.11.3.8}{\376\377\123\314\146\362\176\277\124\214\127\372\116\216\000k\166\204\166\364\176\277\166\204\200\124\172\313}{subsection.11.3}% 272
\BOOKMARK [3][-]{subsubsection.11.3.9}{\376\377\123\314\146\362\176\277\124\214\127\372\116\216\000t\166\204\166\364\176\277\166\204\200\124\172\313}{subsection.11.3}% 273
\BOOKMARK [2][-]{subsection.11.4}{\376\377\142\233\162\151\176\277\166\204\145\271\172\013}{section.11}% 274
\BOOKMARK [3][-]{subsubsection.11.4.1}{\376\377\142\233\162\151\176\277\166\204\150\007\121\306\145\271\172\013}{subsection.11.4}% 275
\BOOKMARK [3][-]{subsubsection.11.4.2}{\376\377\142\233\162\151\176\277\124\214\160\271\166\204\121\163\174\373}{subsection.11.4}% 276
\BOOKMARK [3][-]{subsubsection.11.4.3}{\376\377\142\233\162\151\176\277\166\204\122\007\176\277\145\271\172\013}{subsection.11.4}% 277
\BOOKMARK [3][-]{subsubsection.11.4.4}{\376\377\142\233\162\151\176\277\124\214\127\372\116\216\000k\166\204\166\364\176\277\166\204\200\124\172\313}{subsection.11.4}% 278
\BOOKMARK [3][-]{subsubsection.11.4.5}{\376\377\142\233\162\151\176\277\124\214\127\372\116\216\000t\166\204\166\364\176\277\166\204\200\124\172\313}{subsection.11.4}% 279
\BOOKMARK [2][-]{subsection.11.5}{\376\377\127\006\225\045\146\362\176\277\124\214\166\364\176\277}{section.11}% 280
\BOOKMARK [3][-]{subsubsection.11.5.1}{\376\377\137\046\225\177\121\154\137\017}{subsection.11.5}% 281
\BOOKMARK [3][-]{subsubsection.11.5.2}{\376\377\137\046\116\055\160\271\121\154\137\017\377\010\151\055\127\006\142\026\123\314\146\362\176\277\377\011}{subsection.11.5}% 282
\BOOKMARK [3][-]{subsubsection.11.5.3}{\376\377\137\046\116\055\160\271\121\154\137\017\377\010\116\012\116\013\137\000\123\343\166\204\142\233\162\151\176\277\377\011}{subsection.11.5}% 283
\BOOKMARK [3][-]{subsubsection.11.5.4}{\376\377\137\046\116\055\160\271\121\154\137\017\377\010\135\346\123\363\137\000\123\343\166\204\142\233\162\151\176\277\377\011}{subsection.11.5}% 284
\BOOKMARK [2][-]{subsection.11.6}{\376\377\127\006\225\045\146\362\176\277\166\204\173\054\116\214\133\232\116\111}{section.11}% 285
\BOOKMARK [3][-]{subsubsection.11.6.1}{\376\377\127\006\225\045\146\362\176\277\166\204\173\054\116\214\133\232\116\111\127\050\151\055\127\006\116\055\166\204\136\224\165\050}{subsection.11.6}% 286
\BOOKMARK [3][-]{subsubsection.11.6.2}{\376\377\127\006\225\045\146\362\176\277\166\204\173\054\116\214\133\232\116\111\127\050\123\314\146\362\176\277\116\055\166\204\136\224\165\050}{subsection.11.6}% 287
\BOOKMARK [3][-]{subsubsection.11.6.3}{\376\377\127\006\225\045\146\362\176\277\166\204\173\054\116\214\133\232\116\111\127\050\142\233\162\151\176\277\116\055\166\204\136\224\165\050}{subsection.11.6}% 288
\BOOKMARK [3][-]{subsubsection.11.6.4}{\376\377\151\055\127\006\166\204\161\046\123\112\137\204\121\154\137\017}{subsection.11.6}% 289
\BOOKMARK [3][-]{subsubsection.11.6.5}{\376\377\123\314\146\362\176\277\135\346\145\057\166\204\161\046\123\112\137\204\121\154\137\017}{subsection.11.6}% 290
\BOOKMARK [3][-]{subsubsection.11.6.6}{\376\377\123\314\146\362\176\277\123\363\145\057\166\204\161\046\123\112\137\204\121\154\137\017}{subsection.11.6}% 291
\BOOKMARK [3][-]{subsubsection.11.6.7}{\376\377\121\163\116\216\151\055\127\006\166\204\116\000\116\052\221\315\211\201\176\323\213\272}{subsection.11.6}% 292
\BOOKMARK [3][-]{subsubsection.11.6.8}{\376\377\121\163\116\216\123\314\146\362\176\277\166\204\116\000\116\052\221\315\211\201\176\323\213\272}{subsection.11.6}% 293
\BOOKMARK [1][-]{section.12}{\376\377\123\302\145\160\145\271\172\013}{}% 294
\BOOKMARK [2][-]{subsection.12.1}{\376\377\166\364\176\277\166\204\123\302\145\160\145\271\172\013}{section.12}% 295
\BOOKMARK [2][-]{subsection.12.2}{\376\377\127\006\166\204\123\302\145\160\145\271\172\013}{section.12}% 296
\BOOKMARK [2][-]{subsection.12.3}{\376\377\151\055\127\006\166\204\123\302\145\160\145\271\172\013}{section.12}% 297
\BOOKMARK [2][-]{subsection.12.4}{\376\377\123\314\146\362\176\277\166\204\123\302\145\160\145\271\172\013}{section.12}% 298
\BOOKMARK [2][-]{subsection.12.5}{\376\377\142\233\162\151\176\277\166\204\123\302\145\160\145\271\172\013}{section.12}% 299
\BOOKMARK [1][-]{section.13}{\376\377\131\015\145\160}{}% 300
\BOOKMARK [2][-]{subsection.13.1}{\376\377\131\015\145\160\166\204\133\232\116\111}{section.13}% 301
\BOOKMARK [2][-]{subsection.13.2}{\376\377\131\015\136\163\227\142}{section.13}% 302
\BOOKMARK [2][-]{subsection.13.3}{\376\377\131\015\145\160\166\204\166\370\173\111}{section.13}% 303
\BOOKMARK [2][-]{subsection.13.4}{\376\377\131\015\145\160\166\204\122\240\154\325\124\214\121\317\154\325}{section.13}% 304
\BOOKMARK [2][-]{subsection.13.5}{\376\377\131\015\145\160\166\204\176\335\133\371\120\074\123\312\121\166\217\320\173\227}{section.13}% 305
\BOOKMARK [2][-]{subsection.13.6}{\376\377\131\015\145\160\166\204\121\161\217\155\123\312\121\166\217\320\173\227}{section.13}% 306
\BOOKMARK [2][-]{subsection.13.7}{\376\377\131\015\145\160\166\204\116\343\145\160\137\142\137\017}{section.13}% 307
\BOOKMARK [2][-]{subsection.13.8}{\376\377\131\015\145\160\166\204\116\011\211\322\137\142\137\017}{section.13}% 308
\BOOKMARK [2][-]{subsection.13.9}{\376\377\131\015\145\160\166\204\116\130\154\325\124\214\226\144\154\325}{section.13}% 309
\BOOKMARK [2][-]{subsection.13.10}{\376\377\131\015\145\160\166\204\116\130\145\271\124\214\137\000\145\271}{section.13}% 310
\BOOKMARK [2][-]{subsection.13.11}{\376\377\131\015\145\160\226\306\121\205\166\204\116\000\121\103\116\214\153\041\145\271\172\013}{section.13}% 311
\BOOKMARK [1][-]{section.14}{\376\377\172\172\225\364\166\364\176\277\116\016\136\163\227\142}{}% 312
\BOOKMARK [2][-]{subsection.14.1}{\376\377\166\364\176\277\124\214\136\163\227\142}{section.14}% 313
\BOOKMARK [3][-]{subsubsection.14.1.1}{\376\377\170\156\133\232\116\000\116\052\136\163\227\142\166\204\147\141\116\366}{subsection.14.1}% 314
\BOOKMARK [2][-]{subsection.14.2}{\376\377\172\172\225\364\116\055\166\364\176\277\116\016\166\364\176\277\166\204\121\163\174\373}{section.14}% 315
\BOOKMARK [2][-]{subsection.14.3}{\376\377\172\172\225\364\116\055\166\364\176\277\116\016\136\163\227\142\166\204\121\163\174\373}{section.14}% 316
\BOOKMARK [2][-]{subsection.14.4}{\376\377\172\172\225\364\116\055\136\163\227\142\116\016\136\163\227\142\166\204\121\163\174\373}{section.14}% 317
\BOOKMARK [2][-]{subsection.14.5}{\376\377\160\271\122\060\136\163\227\142\166\204\215\335\171\273}{section.14}% 318
\BOOKMARK [2][-]{subsection.14.6}{\376\377\137\002\227\142\166\364\176\277\166\204\215\335\171\273}{section.14}% 319
\BOOKMARK [1][-]{section.15}{\376\377\173\200\123\125\121\340\117\125\117\123}{}% 320
\BOOKMARK [2][-]{subsection.15.1}{\376\377\131\032\227\142\117\123}{section.15}% 321
\BOOKMARK [3][-]{subsubsection.15.1.1}{\376\377\153\143\131\032\227\142\117\123}{subsection.15.1}% 322
\BOOKMARK [3][-]{subsubsection.15.1.2}{\376\377\153\047\142\311\133\232\164\006}{subsection.15.1}% 323
\BOOKMARK [2][-]{subsection.15.2}{\376\377\150\361\147\361}{section.15}% 324
\BOOKMARK [3][-]{subsubsection.15.2.1}{\376\377\150\361\147\361\166\204\140\047\215\050}{subsection.15.2}% 325
\BOOKMARK [3][-]{subsubsection.15.2.2}{\376\377\153\143\150\361\147\361\166\204\210\150\227\142\171\357}{subsection.15.2}% 326
\BOOKMARK [2][-]{subsection.15.3}{\376\377\150\361\225\045}{section.15}% 327
\BOOKMARK [3][-]{subsubsection.15.3.1}{\376\377\150\361\225\045\166\204\140\047\215\050}{subsection.15.3}% 328
\BOOKMARK [3][-]{subsubsection.15.3.2}{\376\377\153\143\150\361\225\045\166\204\210\150\227\142\171\357}{subsection.15.3}% 329
\BOOKMARK [2][-]{subsection.15.4}{\376\377\127\006\147\361}{section.15}% 330
\BOOKMARK [3][-]{subsubsection.15.4.1}{\376\377\127\006\147\361\166\204\140\047\215\050}{subsection.15.4}% 331
\BOOKMARK [3][-]{subsubsection.15.4.2}{\376\377\127\006\147\361\166\204\210\150\227\142\171\357}{subsection.15.4}% 332
\BOOKMARK [2][-]{subsection.15.5}{\376\377\127\006\225\045}{section.15}% 333
\BOOKMARK [3][-]{subsubsection.15.5.1}{\376\377\127\006\225\045\166\204\140\047\215\050}{subsection.15.5}% 334
\BOOKMARK [3][-]{subsubsection.15.5.2}{\376\377\127\006\225\045\166\204\210\150\227\142\171\357}{subsection.15.5}% 335
\BOOKMARK [2][-]{subsection.15.6}{\376\377\147\361\117\123\166\204\117\123\171\357}{section.15}% 336
\BOOKMARK [2][-]{subsection.15.7}{\376\377\225\045\117\123\166\204\117\123\171\357}{section.15}% 337
\BOOKMARK [2][-]{subsection.15.8}{\376\377\164\003}{section.15}% 338
\BOOKMARK [3][-]{subsubsection.15.8.1}{\376\377\164\003\166\204\140\047\215\050}{subsection.15.8}% 339
\BOOKMARK [3][-]{subsubsection.15.8.2}{\376\377\164\003\166\204\210\150\227\142\171\357}{subsection.15.8}% 340
\BOOKMARK [3][-]{subsubsection.15.8.3}{\376\377\164\003\166\204\117\123\171\357}{subsection.15.8}% 341
\BOOKMARK [3][-]{subsubsection.15.8.4}{\376\377\164\003\227\142\215\335\171\273}{subsection.15.8}% 342
\BOOKMARK [1][-]{section.16}{\376\377\143\222\122\027\176\304\124\010}{}% 343
\BOOKMARK [2][-]{subsection.16.1}{\376\377\116\130\154\325\123\237\164\006\124\214\122\240\154\325\123\237\164\006}{section.16}% 344
\BOOKMARK [2][-]{subsection.16.2}{\376\377\143\222\122\027}{section.16}% 345
\BOOKMARK [3][-]{subsubsection.16.2.1}{\376\377\143\222\122\027\145\160\121\154\137\017\166\204\175\057\116\130\137\142\137\017}{subsection.16.2}% 346
\BOOKMARK [3][-]{subsubsection.16.2.2}{\376\377\143\222\122\027\145\160\121\154\137\017\166\204\226\066\116\130\137\142\137\017}{subsection.16.2}% 347
\BOOKMARK [3][-]{subsubsection.16.2.3}{\376\377\143\222\122\027\145\160\121\154\137\017\0000\0001}{subsection.16.2}% 348
\BOOKMARK [3][-]{subsubsection.16.2.4}{\376\377\143\222\122\027\145\160\121\154\137\017\0000\0002}{subsection.16.2}% 349
\BOOKMARK [3][-]{subsubsection.16.2.5}{\376\377\143\222\122\027\145\160\121\154\137\017\0000\0003}{subsection.16.2}% 350
\BOOKMARK [3][-]{subsubsection.16.2.6}{\376\377\143\222\122\027\145\160\121\154\137\017\0000\0004}{subsection.16.2}% 351
\BOOKMARK [3][-]{subsubsection.16.2.7}{\376\377\143\222\122\027\145\160\121\154\137\017\0000\0005}{subsection.16.2}% 352
\BOOKMARK [3][-]{subsubsection.16.2.8}{\376\377\143\222\122\027\145\160\121\154\137\017\0000\0006}{subsection.16.2}% 353
\BOOKMARK [2][-]{subsection.16.3}{\376\377\176\304\124\010}{section.16}% 354
\BOOKMARK [3][-]{subsubsection.16.3.1}{\376\377\176\304\124\010\145\160\121\154\137\017\166\204\175\057\116\130\137\142\137\017}{subsection.16.3}% 355
\BOOKMARK [3][-]{subsubsection.16.3.2}{\376\377\176\304\124\010\145\160\121\154\137\017\166\204\226\066\116\130\137\142\137\017}{subsection.16.3}% 356
\BOOKMARK [3][-]{subsubsection.16.3.3}{\376\377\176\304\124\010\145\160\121\154\137\017\0000\0001}{subsection.16.3}% 357
\BOOKMARK [3][-]{subsubsection.16.3.4}{\376\377\176\304\124\010\145\160\121\154\137\017\0000\0002}{subsection.16.3}% 358
\BOOKMARK [3][-]{subsubsection.16.3.5}{\376\377\176\304\124\010\145\160\121\154\137\017\0000\0003}{subsection.16.3}% 359
\BOOKMARK [3][-]{subsubsection.16.3.6}{\376\377\176\304\124\010\145\160\121\154\137\017\0000\0004}{subsection.16.3}% 360
\BOOKMARK [3][-]{subsubsection.16.3.7}{\376\377\176\304\124\010\145\160\121\154\137\017\0000\0005}{subsection.16.3}% 361
\BOOKMARK [3][-]{subsubsection.16.3.8}{\376\377\176\304\124\010\145\160\121\154\137\017\0000\0006}{subsection.16.3}% 362
\BOOKMARK [3][-]{subsubsection.16.3.9}{\376\377\176\304\124\010\145\160\121\154\137\017\0000\0007}{subsection.16.3}% 363
\BOOKMARK [2][-]{subsection.16.4}{\376\377\116\214\230\171\137\017\133\232\164\006}{section.16}% 364
\BOOKMARK [3][-]{subsubsection.16.4.1}{\376\377\116\214\230\171\137\017\133\232\164\006\166\204\143\250\213\272}{subsection.16.4}% 365
\BOOKMARK [2][-]{subsection.16.5}{\376\377\143\222\122\027\176\304\124\010\225\356\230\230\000i}{section.16}% 366
\BOOKMARK [3][-]{subsubsection.16.5.1}{\376\377\143\222\122\027\176\304\124\010\225\356\230\230\000i\000-\0000\0001}{subsection.16.5}% 367
\BOOKMARK [3][-]{subsubsection.16.5.2}{\376\377\143\222\122\027\176\304\124\010\225\356\230\230\000i\000-\0000\0002}{subsection.16.5}% 368
\BOOKMARK [3][-]{subsubsection.16.5.3}{\376\377\143\222\122\027\176\304\124\010\225\356\230\230\000i\000-\0000\0003}{subsection.16.5}% 369
\BOOKMARK [3][-]{subsubsection.16.5.4}{\376\377\143\222\122\027\176\304\124\010\225\356\230\230\000i\000-\0000\0004}{subsection.16.5}% 370
\BOOKMARK [2][-]{subsection.16.6}{\376\377\143\222\122\027\176\304\124\010\225\356\230\230\000i\000i}{section.16}% 371
\BOOKMARK [3][-]{subsubsection.16.6.1}{\376\377\143\222\122\027\176\304\124\010\225\356\230\230\000i\000i\000-\0000\0001}{subsection.16.6}% 372
\BOOKMARK [3][-]{subsubsection.16.6.2}{\376\377\143\222\122\027\176\304\124\010\225\356\230\230\000i\000i\000-\0000\0002}{subsection.16.6}% 373
\BOOKMARK [3][-]{subsubsection.16.6.3}{\376\377\143\222\122\027\176\304\124\010\225\356\230\230\000i\000i\000-\0000\0003}{subsection.16.6}% 374
\BOOKMARK [2][-]{subsection.16.7}{\376\377\164\003\166\322\225\356\230\230}{section.16}% 375
\BOOKMARK [3][-]{subsubsection.16.7.1}{\376\377\164\003\166\322\225\356\230\230\0000\0001}{subsection.16.7}% 376
\BOOKMARK [3][-]{subsubsection.16.7.2}{\376\377\145\257\162\171\147\227\145\160}{subsection.16.7}% 377
\BOOKMARK [3][-]{subsubsection.16.7.3}{\376\377\164\003\166\322\225\356\230\230\0000\0002}{subsection.16.7}% 378
\BOOKMARK [3][-]{subsubsection.16.7.4}{\376\377\164\003\166\322\225\356\230\230\0000\0003}{subsection.16.7}% 379
\BOOKMARK [1][-]{section.17}{\376\377\151\202\163\207\213\272\122\035\153\145}{}% 380
\BOOKMARK [2][-]{subsection.17.1}{\376\377\226\217\147\072\116\213\116\366}{section.17}% 381
\BOOKMARK [2][-]{subsection.17.2}{\376\377\123\344\121\170\151\202\127\213}{section.17}% 382
\BOOKMARK [2][-]{subsection.17.3}{\376\377\116\213\116\366\121\163\174\373\166\204\217\320\173\227}{section.17}% 383
\BOOKMARK [3][-]{subsubsection.17.3.1}{\376\377\171\357\116\213\116\366}{subsection.17.3}% 384
\BOOKMARK [3][-]{subsubsection.17.3.2}{\376\377\124\214\116\213\116\366}{subsection.17.3}% 385
\BOOKMARK [3][-]{subsubsection.17.3.3}{\376\377\135\356\116\213\116\366}{subsection.17.3}% 386
\BOOKMARK [3][-]{subsubsection.17.3.4}{\376\377\116\222\145\245\116\213\116\366}{subsection.17.3}% 387
\BOOKMARK [3][-]{subsubsection.17.3.5}{\376\377\133\371\172\313\116\213\116\366}{subsection.17.3}% 388
\BOOKMARK [2][-]{subsection.17.4}{\376\377\151\202\163\207\166\204\122\240\154\325\133\232\164\006}{section.17}% 389
\BOOKMARK [2][-]{subsection.17.5}{\376\377\147\141\116\366\151\202\163\207\166\204\213\241\173\227}{section.17}% 390
\BOOKMARK [3][-]{subsubsection.17.5.1}{\376\377\162\354\172\313\116\213\116\366}{subsection.17.5}% 391
\BOOKMARK [2][-]{subsection.17.6}{\376\377\151\202\163\207\166\204\116\130\154\325\133\232\164\006}{section.17}% 392
\BOOKMARK [1][-]{section.18}{\376\377\127\372\147\054\176\337\213\241\145\271\154\325}{}% 393
\BOOKMARK [2][-]{subsection.18.1}{\376\377\140\073\117\123\127\107\120\074\124\214\140\073\117\123\145\271\135\356}{section.18}% 394
\BOOKMARK [3][-]{subsubsection.18.1.1}{\376\377\140\073\117\123\145\271\135\356\166\204\116\044\171\315\137\142\137\017}{subsection.18.1}% 395
\BOOKMARK [2][-]{subsection.18.2}{\376\377\150\067\147\054\127\107\120\074\124\214\150\067\147\054\145\271\135\356}{section.18}% 396
